Arguments: 
  C:\Program Files\nodejs\node.exe C:\Program Files (x86)\Yarn\bin\yarn.js install

PATH: 
  C:\WINDOWS\system32;C:\WINDOWS;C:\WINDOWS\System32\Wbem;C:\WINDOWS\System32\WindowsPowerShell\v1.0\;C:\WINDOWS\System32\OpenSSH\;C:\ProgramData\chocolatey\bin;C:\Users\Crafton\AppData\Roaming\nvm;C:\Program Files\nodejs;C:\Program Files\TortoiseGit\bin;C:\Program Files (x86)\Yarn\bin\;C:\Python27;C:\Program Files\dotnet\;C:\Program Files\Microsoft SQL Server\150\Tools\Binn\;C:\Program Files\Microsoft SQL Server\Client SDK\ODBC\170\Tools\Binn\;C:\Program Files\PuTTY\;C:\Program Files\Vagrant\bin;C:\Program Files\Git\cmd;C:\Users\Crafton\AppData\Local\Programs\Python\Python311\Scripts\;C:\Users\Crafton\AppData\Local\Programs\Python\Python311\;C:\Users\Crafton\AppData\Local\Programs\Python\Launcher\;C:\Users\Crafton\AppData\Local\Microsoft\WindowsApps;C:\Users\Crafton\AppData\Local\Programs\Microsoft VS Code\bin;C:\Users\Crafton\AppData\Roaming\npm;C:\usr\php8.2;C:\Users\Crafton\AppData\Local\ComposerSetup\bin;C:\Users\Crafton\AppData\Roaming\Composer\vendor\bin;C:\Users\Crafton\AppData\Roaming\nvm;C:\Program Files\nodejs;c:\Program Files\Java\jdk1.8.0_291\bin;C:\Users\Crafton\AppData\Local\GitHubDesktop\bin;C:\Users\Crafton\AppData\Local\Yarn\bin;C:\Users\Crafton\.dotnet\tools;

Yarn version: 
  1.22.19

Node version: 
  20.16.0

Platform: 
  win32 x64

Trace: 
  Error: 8C170000:error:1C800066:Provider routines:ossl_gcm_stream_update:cipher operation failed:c:\ws\deps\openssl\openssl\providers\implementations\ciphers\ciphercommon_gcm.c:325:

npm manifest: 
  {
    "private": true,
    "scripts": {
      "dev": "npm run development",
      "development": "mix",
      "watch": "mix watch",
      "watch-poll": "mix watch -- --watch-options-poll=1000",
      "hot": "mix watch --hot",
      "prod": "npm run production",
      "production": "mix --production",
      "nova:install": "npm --prefix='../../vendor/laravel/nova' ci"
    },
    "devDependencies": {
      "@tailwindcss/postcss": "^4.0.12",
      "@vue/compiler-sfc": "^3.4.21",
      "eslint": "^8.57.0",
      "form-backend-validation": "^2.4.0",
      "laravel-mix": "^6.0.49",
      "lodash": "^4.17.21",
      "postcss": "^8.4.38",
      "resolve-url-loader": "^5.0.0",
      "sass": "^1.72.0",
      "sass-loader": "^16.0.5",
      "tailwindcss": "^4.0.12",
      "vue-loader": "^17.4.2"
    },
    "dependencies": {
      "vue": "^3.4.21"
    },
    "ddddevDependencies": {
      "sass": "^1.72.0",
      "sass-loader": "^16.0.5",
      "postcss-import": "^16.1.0",
      "@vue/babel-plugin-jsx": "^1.2.2",
      "prettier": "^3.2.5",
      "@tailwindcss/postcss": "^4.0.12",
      "@vue/compiler-sfc": "^3.2.22",
      "form-backend-validation": "^2.3.3",
      "laravel-mix": "^6.0.41",
      "lodash": "^4.17.21",
      "postcss": "^8.3.11",
      "tailwindcss": "^4.0.12",
      "vue-loader": "^16.8.3"
    },
    "ddddependencies": {
      "vuedraggable": "^2.24.3",
      "@inertiajs/inertia": "^0.11.1",
      "vue": "^3.4.21",
      "vuex": "^4.1.0"
    }
  }

yarn manifest: 
  No manifest

Lockfile: 
  No lockfile
